newpipe_opensource/NewPipe/app/build/intermediates/manifest_merge_blame_file/debug/manifest-merger-blame-debug-report.txt
1<?xml version="1.0" encoding="utf-8"?>
2<manifest xmlns:android="http://schemas.android.com/apk/res/android"
3    package="org.schabi.newpipe.debug"
4    android:installLocation="auto"
5    android:versionCode="986"
6    android:versionName="0.23.0" >
7
8    <uses-sdk
9        android:minSdkVersion="19"
10        android:targetSdkVersion="29" />
11
12    <uses-permission android:name="android.permission.INTERNET" />
12-->src/main/AndroidManifest.xml:7:5-67
12-->src/main/AndroidManifest.xml:7:22-64
13    <uses-permission android:name="android.permission.WAKE_LOCK" />
13-->src/main/AndroidManifest.xml:8:5-68
13-->src/main/AndroidManifest.xml:8:22-65
14    <uses-permission android:name="android.permission.ACCESS_NETWORK_STATE" />
14-->src/main/AndroidManifest.xml:9:5-79
14-->src/main/AndroidManifest.xml:9:22-76
15    <uses-permission android:name="android.permission.WRITE_EXTERNAL_STORAGE" />
15-->src/main/AndroidManifest.xml:10:5-81
15-->src/main/AndroidManifest.xml:10:22-78
16    <uses-permission android:name="android.permission.SYSTEM_ALERT_WINDOW" />
16-->src/main/AndroidManifest.xml:11:5-78
16-->src/main/AndroidManifest.xml:11:22-75
17    <uses-permission android:name="android.permission.FOREGROUND_SERVICE" />
17-->src/main/AndroidManifest.xml:12:5-77
17-->src/main/AndroidManifest.xml:12:22-74
18
19    <uses-feature
19-->src/main/AndroidManifest.xml:14:5-16:36
20        android:name="android.hardware.touchscreen"
20-->src/main/AndroidManifest.xml:15:9-52
21        android:required="false" />
21-->src/main/AndroidManifest.xml:16:9-33
22
23    <uses-permission android:name="android.permission.RECEIVE_BOOT_COMPLETED" /> <!-- To store the heap dumps and leak analysis results. -->
23-->[androidx.work:work-runtime:2.7.1] AndroidManifest.xml:27:5-81
23-->[androidx.work:work-runtime:2.7.1] AndroidManifest.xml:27:22-78
24    <uses-permission android:name="android.permission.READ_EXTERNAL_STORAGE" />
24-->[com.squareup.leakcanary:leakcanary-android-core:2.5] AndroidManifest.xml:23:5-80
24-->[com.squareup.leakcanary:leakcanary-android-core:2.5] AndroidManifest.xml:23:22-77
25
26    <application
26-->src/main/AndroidManifest.xml:18:5-392:19
27        android:name="org.schabi.newpipe.DebugApp"
27-->src/main/AndroidManifest.xml:19:9-28
28        android:allowBackup="true"
28-->src/main/AndroidManifest.xml:20:9-35
29        android:appComponentFactory="androidx.core.app.CoreComponentFactory"
29-->[androidx.core:core:1.7.0] AndroidManifest.xml:24:18-86
30        android:banner="@mipmap/newpipe_tv_banner"
30-->src/main/AndroidManifest.xml:21:9-51
31        android:debuggable="true"
32        android:icon="@mipmap/ic_launcher"
32-->src/main/AndroidManifest.xml:22:9-43
33        android:label="@string/app_name"
33-->src/main/AndroidManifest.xml:23:9-41
34        android:logo="@mipmap/ic_launcher"
34-->src/main/AndroidManifest.xml:24:9-43
35        android:resizeableActivity="true"
35-->src/main/AndroidManifest.xml:26:9-42
36        android:testOnly="true"
37        android:theme="@style/OpeningTheme" >
37-->src/main/AndroidManifest.xml:25:9-44
38        <activity
38-->src/main/AndroidManifest.xml:28:9-38:20
39            android:name="org.schabi.newpipe.MainActivity"
39-->src/main/AndroidManifest.xml:29:13-41
40            android:label="@string/app_name"
40-->src/main/AndroidManifest.xml:30:13-45
41            android:launchMode="singleTask" >
41-->src/main/AndroidManifest.xml:31:13-44
42            <intent-filter>
42-->src/main/AndroidManifest.xml:32:13-37:29
43                <action android:name="android.intent.action.MAIN" />
43-->src/main/AndroidManifest.xml:33:17-69
43-->src/main/AndroidManifest.xml:33:25-66
44
45                <category android:name="android.intent.category.LAUNCHER" />
45-->src/main/AndroidManifest.xml:35:17-77
45-->src/main/AndroidManifest.xml:35:27-74
46                <category android:name="android.intent.category.LEANBACK_LAUNCHER" />
46-->src/main/AndroidManifest.xml:36:17-86
46-->src/main/AndroidManifest.xml:36:27-83
47            </intent-filter>
48        </activity>
49
50        <receiver android:name="androidx.media.session.MediaButtonReceiver" >
50-->src/main/AndroidManifest.xml:40:9-44:20
50-->src/main/AndroidManifest.xml:40:19-76
51            <intent-filter>
51-->src/main/AndroidManifest.xml:41:13-43:29
52                <action android:name="android.intent.action.MEDIA_BUTTON" />
52-->src/main/AndroidManifest.xml:42:17-77
52-->src/main/AndroidManifest.xml:42:25-74
53            </intent-filter>
54        </receiver>
55
56        <service
56-->src/main/AndroidManifest.xml:46:9-53:19
57            android:name="org.schabi.newpipe.player.MainPlayer"
57-->src/main/AndroidManifest.xml:47:13-46
58            android:exported="false"
58-->src/main/AndroidManifest.xml:48:13-37
59            android:foregroundServiceType="mediaPlayback" >
59-->src/main/AndroidManifest.xml:49:13-58
60            <intent-filter>
60-->src/main/AndroidManifest.xml:41:13-43:29
61                <action android:name="android.intent.action.MEDIA_BUTTON" />
61-->src/main/AndroidManifest.xml:42:17-77
61-->src/main/AndroidManifest.xml:42:25-74
62            </intent-filter>
63        </service>
64
65        <activity
65-->src/main/AndroidManifest.xml:55:9-58:47
66            android:name="org.schabi.newpipe.player.PlayQueueActivity"
66-->src/main/AndroidManifest.xml:56:13-53
67            android:label="@string/title_activity_play_queue"
67-->src/main/AndroidManifest.xml:57:13-62
68            android:launchMode="singleTask" />
68-->src/main/AndroidManifest.xml:58:13-44
69        <activity
69-->src/main/AndroidManifest.xml:60:9-62:48
70            android:name="org.schabi.newpipe.settings.SettingsActivity"
70-->src/main/AndroidManifest.xml:61:13-54
71            android:label="@string/settings" />
71-->src/main/AndroidManifest.xml:62:13-45
72        <activity
72-->src/main/AndroidManifest.xml:64:9-66:60
73            android:name="org.schabi.newpipe.about.AboutActivity"
73-->src/main/AndroidManifest.xml:65:13-48
74            android:label="@string/title_activity_about" />
74-->src/main/AndroidManifest.xml:66:13-57
75
76        <service android:name="org.schabi.newpipe.local.subscription.services.SubscriptionsImportService" />
76-->src/main/AndroidManifest.xml:68:9-91
76-->src/main/AndroidManifest.xml:68:18-88
77        <service android:name="org.schabi.newpipe.local.subscription.services.SubscriptionsExportService" />
77-->src/main/AndroidManifest.xml:69:9-91
77-->src/main/AndroidManifest.xml:69:18-88
78        <service android:name="org.schabi.newpipe.local.feed.service.FeedLoadService" />
78-->src/main/AndroidManifest.xml:70:9-71
78-->src/main/AndroidManifest.xml:70:18-68
79
80        <activity
80-->src/main/AndroidManifest.xml:72:9-82:20
81            android:name="org.schabi.newpipe.PanicResponderActivity"
81-->src/main/AndroidManifest.xml:73:13-51
82            android:launchMode="singleInstance"
82-->src/main/AndroidManifest.xml:74:13-48
83            android:noHistory="true"
83-->src/main/AndroidManifest.xml:75:13-37
84            android:theme="@android:style/Theme.NoDisplay" >
84-->src/main/AndroidManifest.xml:76:13-59
85            <intent-filter>
85-->src/main/AndroidManifest.xml:77:13-81:29
86                <action android:name="info.guardianproject.panic.action.TRIGGER" />
86-->src/main/AndroidManifest.xml:78:17-84
86-->src/main/AndroidManifest.xml:78:25-81
87
88                <category android:name="android.intent.category.DEFAULT" />
88-->src/main/AndroidManifest.xml:80:17-76
88-->src/main/AndroidManifest.xml:80:27-73
89            </intent-filter>
90        </activity>
91        <activity
91-->src/main/AndroidManifest.xml:84:9-87:62
92            android:name="org.schabi.newpipe.ExitActivity"
92-->src/main/AndroidManifest.xml:85:13-41
93            android:label="@string/general_error"
93-->src/main/AndroidManifest.xml:86:13-50
94            android:theme="@android:style/Theme.NoDisplay" />
94-->src/main/AndroidManifest.xml:87:13-59
95        <activity android:name="org.schabi.newpipe.error.ErrorActivity" /> <!-- giga get related -->
95-->src/main/AndroidManifest.xml:88:9-57
95-->src/main/AndroidManifest.xml:88:19-54
96        <activity
96-->src/main/AndroidManifest.xml:91:9-94:47
97            android:name="org.schabi.newpipe.download.DownloadActivity"
97-->src/main/AndroidManifest.xml:92:13-54
98            android:label="@string/app_name"
98-->src/main/AndroidManifest.xml:93:13-45
99            android:launchMode="singleTask" />
99-->src/main/AndroidManifest.xml:94:13-44
100
101        <service android:name="us.shandian.giga.service.DownloadManagerService" />
101-->src/main/AndroidManifest.xml:96:9-83
101-->src/main/AndroidManifest.xml:96:18-80
102
103        <activity
103-->src/main/AndroidManifest.xml:98:9-106:20
104            android:name="org.schabi.newpipe.util.FilePickerActivityHelper"
104-->src/main/AndroidManifest.xml:99:13-58
105            android:label="@string/app_name"
105-->src/main/AndroidManifest.xml:100:13-45
106            android:theme="@style/FilePickerThemeDark" >
106-->src/main/AndroidManifest.xml:101:13-55
107            <intent-filter>
107-->src/main/AndroidManifest.xml:102:13-105:29
108                <action android:name="android.intent.action.GET_CONTENT" />
108-->src/main/AndroidManifest.xml:103:17-76
108-->src/main/AndroidManifest.xml:103:25-73
109
110                <category android:name="android.intent.category.DEFAULT" />
110-->src/main/AndroidManifest.xml:80:17-76
110-->src/main/AndroidManifest.xml:80:27-73
111            </intent-filter>
112        </activity>
113        <activity
113-->src/main/AndroidManifest.xml:108:9-110:49
114            android:name="org.schabi.newpipe.error.ReCaptchaActivity"
114-->src/main/AndroidManifest.xml:109:13-52
115            android:label="@string/recaptcha" />
115-->src/main/AndroidManifest.xml:110:13-46
116
117        <provider
118            android:name="androidx.core.content.FileProvider"
119            android:authorities="org.schabi.newpipe.debug.provider"
120            android:exported="false"
121            android:grantUriPermissions="true" >
122            <meta-data
122-->[com.squareup.leakcanary:leakcanary-android-core:2.5] AndroidManifest.xml:34:13-36:66
123                android:name="android.support.FILE_PROVIDER_PATHS"
123-->[com.squareup.leakcanary:leakcanary-android-core:2.5] AndroidManifest.xml:35:17-67
124                android:resource="@xml/nnf_provider_paths" />
124-->[com.squareup.leakcanary:leakcanary-android-core:2.5] AndroidManifest.xml:36:17-63
125        </provider>
126
127        <activity
127-->src/main/AndroidManifest.xml:122:9-380:20
128            android:name="org.schabi.newpipe.RouterActivity"
128-->src/main/AndroidManifest.xml:123:13-43
129            android:excludeFromRecents="true"
129-->src/main/AndroidManifest.xml:124:13-46
130            android:label="@string/preferred_open_action_share_menu_title"
130-->src/main/AndroidManifest.xml:125:13-75
131            android:taskAffinity=""
131-->src/main/AndroidManifest.xml:126:13-36
132            android:theme="@style/RouterActivityThemeDark" >
132-->src/main/AndroidManifest.xml:127:13-59
133
134            <!-- Youtube filter -->
135            <intent-filter>
135-->src/main/AndroidManifest.xml:130:13-156:29
136                <action android:name="android.intent.action.VIEW" />
136-->src/main/AndroidManifest.xml:131:17-69
136-->src/main/AndroidManifest.xml:131:25-66
137                <action android:name="android.media.action.MEDIA_PLAY_FROM_SEARCH" />
137-->src/main/AndroidManifest.xml:132:17-86
137-->src/main/AndroidManifest.xml:132:25-83
138                <action android:name="android.nfc.action.NDEF_DISCOVERED" />
138-->src/main/AndroidManifest.xml:133:17-77
138-->src/main/AndroidManifest.xml:133:25-74
139
140                <category android:name="android.intent.category.DEFAULT" />
140-->src/main/AndroidManifest.xml:80:17-76
140-->src/main/AndroidManifest.xml:80:27-73
141                <category android:name="android.intent.category.BROWSABLE" />
141-->src/main/AndroidManifest.xml:136:17-78
141-->src/main/AndroidManifest.xml:136:27-75
142
143                <data android:scheme="http" />
143-->src/main/AndroidManifest.xml:138:17-47
143-->src/main/AndroidManifest.xml:138:23-44
144                <data android:scheme="https" />
144-->src/main/AndroidManifest.xml:138:17-47
144-->src/main/AndroidManifest.xml:138:23-44
145                <data android:host="youtube.com" />
145-->src/main/AndroidManifest.xml:138:17-47
146                <data android:host="m.youtube.com" />
146-->src/main/AndroidManifest.xml:138:17-47
147                <data android:host="www.youtube.com" />
147-->src/main/AndroidManifest.xml:138:17-47
148                <data android:host="music.youtube.com" />
148-->src/main/AndroidManifest.xml:138:17-47
149                <!-- video prefix -->
150                <data android:pathPrefix="/v/" />
150-->src/main/AndroidManifest.xml:138:17-47
151                <data android:pathPrefix="/embed/" />
151-->src/main/AndroidManifest.xml:138:17-47
152                <data android:pathPrefix="/watch" />
152-->src/main/AndroidManifest.xml:138:17-47
153                <data android:pathPrefix="/attribution_link" />
153-->src/main/AndroidManifest.xml:138:17-47
154                <data android:pathPrefix="/shorts/" />
154-->src/main/AndroidManifest.xml:138:17-47
155                <!-- channel prefix -->
156                <data android:pathPrefix="/channel/" />
156-->src/main/AndroidManifest.xml:138:17-47
157                <data android:pathPrefix="/user/" />
157-->src/main/AndroidManifest.xml:138:17-47
158                <data android:pathPrefix="/c/" />
158-->src/main/AndroidManifest.xml:138:17-47
159                <!-- playlist prefix -->
160                <data android:pathPrefix="/playlist" />
160-->src/main/AndroidManifest.xml:138:17-47
161            </intent-filter>
162            <intent-filter>
162-->src/main/AndroidManifest.xml:157:13-169:29
163                <action android:name="android.intent.action.VIEW" />
163-->src/main/AndroidManifest.xml:131:17-69
163-->src/main/AndroidManifest.xml:131:25-66
164                <action android:name="android.media.action.MEDIA_PLAY_FROM_SEARCH" />
164-->src/main/AndroidManifest.xml:132:17-86
164-->src/main/AndroidManifest.xml:132:25-83
165                <action android:name="android.nfc.action.NDEF_DISCOVERED" />
165-->src/main/AndroidManifest.xml:133:17-77
165-->src/main/AndroidManifest.xml:133:25-74
166
167                <category android:name="android.intent.category.DEFAULT" />
167-->src/main/AndroidManifest.xml:80:17-76
167-->src/main/AndroidManifest.xml:80:27-73
168                <category android:name="android.intent.category.BROWSABLE" />
168-->src/main/AndroidManifest.xml:136:17-78
168-->src/main/AndroidManifest.xml:136:27-75
169
170                <data android:scheme="http" />
170-->src/main/AndroidManifest.xml:138:17-47
170-->src/main/AndroidManifest.xml:138:23-44
171                <data android:scheme="https" />
171-->src/main/AndroidManifest.xml:138:17-47
171-->src/main/AndroidManifest.xml:138:23-44
172                <data android:host="youtu.be" />
172-->src/main/AndroidManifest.xml:138:17-47
173                <data android:pathPrefix="/" />
173-->src/main/AndroidManifest.xml:138:17-47
174            </intent-filter>
175            <intent-filter>
175-->src/main/AndroidManifest.xml:170:13-182:29
176                <action android:name="android.intent.action.VIEW" />
176-->src/main/AndroidManifest.xml:131:17-69
176-->src/main/AndroidManifest.xml:131:25-66
177                <action android:name="android.media.action.MEDIA_PLAY_FROM_SEARCH" />
177-->src/main/AndroidManifest.xml:132:17-86
177-->src/main/AndroidManifest.xml:132:25-83
178                <action android:name="android.nfc.action.NDEF_DISCOVERED" />
178-->src/main/AndroidManifest.xml:133:17-77
178-->src/main/AndroidManifest.xml:133:25-74
179
180                <category android:name="android.intent.category.DEFAULT" />
180-->src/main/AndroidManifest.xml:80:17-76
180-->src/main/AndroidManifest.xml:80:27-73
181                <category android:name="android.intent.category.BROWSABLE" />
181-->src/main/AndroidManifest.xml:136:17-78
181-->src/main/AndroidManifest.xml:136:27-75
182
183                <data android:scheme="http" />
183-->src/main/AndroidManifest.xml:138:17-47
183-->src/main/AndroidManifest.xml:138:23-44
184                <data android:scheme="https" />
184-->src/main/AndroidManifest.xml:138:17-47
184-->src/main/AndroidManifest.xml:138:23-44
185                <data android:host="www.youtube-nocookie.com" />
185-->src/main/AndroidManifest.xml:138:17-47
186                <data android:pathPrefix="/embed/" />
186-->src/main/AndroidManifest.xml:138:17-47
187            </intent-filter>
188            <intent-filter>
188-->src/main/AndroidManifest.xml:183:13-193:29
189                <action android:name="android.intent.action.VIEW" />
189-->src/main/AndroidManifest.xml:131:17-69
189-->src/main/AndroidManifest.xml:131:25-66
190                <action android:name="android.media.action.MEDIA_PLAY_FROM_SEARCH" />
190-->src/main/AndroidManifest.xml:132:17-86
190-->src/main/AndroidManifest.xml:132:25-83
191                <action android:name="android.nfc.action.NDEF_DISCOVERED" />
191-->src/main/AndroidManifest.xml:133:17-77
191-->src/main/AndroidManifest.xml:133:25-74
192
193                <category android:name="android.intent.category.DEFAULT" />
193-->src/main/AndroidManifest.xml:80:17-76
193-->src/main/AndroidManifest.xml:80:27-73
194                <category android:name="android.intent.category.BROWSABLE" />
194-->src/main/AndroidManifest.xml:136:17-78
194-->src/main/AndroidManifest.xml:136:27-75
195
196                <data android:scheme="vnd.youtube" />
196-->src/main/AndroidManifest.xml:138:17-47
196-->src/main/AndroidManifest.xml:138:23-44
197                <data android:scheme="vnd.youtube.launch" />
197-->src/main/AndroidManifest.xml:138:17-47
197-->src/main/AndroidManifest.xml:138:23-44
198            </intent-filter>
199
200            <!-- Hooktube filter -->
201            <intent-filter>
201-->src/main/AndroidManifest.xml:196:13-215:29
202                <action android:name="android.intent.action.VIEW" />
202-->src/main/AndroidManifest.xml:131:17-69
202-->src/main/AndroidManifest.xml:131:25-66
203                <action android:name="android.media.action.MEDIA_PLAY_FROM_SEARCH" />
203-->src/main/AndroidManifest.xml:132:17-86
203-->src/main/AndroidManifest.xml:132:25-83
204                <action android:name="android.nfc.action.NDEF_DISCOVERED" />
204-->src/main/AndroidManifest.xml:133:17-77
204-->src/main/AndroidManifest.xml:133:25-74
205
206                <category android:name="android.intent.category.DEFAULT" />
206-->src/main/AndroidManifest.xml:80:17-76
206-->src/main/AndroidManifest.xml:80:27-73
207                <category android:name="android.intent.category.BROWSABLE" />
207-->src/main/AndroidManifest.xml:136:17-78
207-->src/main/AndroidManifest.xml:136:27-75
208
209                <data android:scheme="http" />
209-->src/main/AndroidManifest.xml:138:17-47
209-->src/main/AndroidManifest.xml:138:23-44
210                <data android:scheme="https" />
210-->src/main/AndroidManifest.xml:138:17-47
210-->src/main/AndroidManifest.xml:138:23-44
211                <data android:host="hooktube.com" />
211-->src/main/AndroidManifest.xml:138:17-47
212                <data android:host="*.hooktube.com" />
212-->src/main/AndroidManifest.xml:138:17-47
213                <!-- video prefix -->
214                <data android:pathPrefix="/v/" />
214-->src/main/AndroidManifest.xml:138:17-47
215                <data android:pathPrefix="/embed/" />
215-->src/main/AndroidManifest.xml:138:17-47
216                <data android:pathPrefix="/watch" />
216-->src/main/AndroidManifest.xml:138:17-47
217                <!-- channel prefix -->
218                <data android:pathPrefix="/channel/" />
218-->src/main/AndroidManifest.xml:138:17-47
219                <data android:pathPrefix="/user/" />
219-->src/main/AndroidManifest.xml:138:17-47
220            </intent-filter>
221
222            <!-- Invidious filter -->
223            <intent-filter>
223-->src/main/AndroidManifest.xml:218:13-257:29
224                <action android:name="android.intent.action.VIEW" />
224-->src/main/AndroidManifest.xml:131:17-69
224-->src/main/AndroidManifest.xml:131:25-66
225                <action android:name="android.media.action.MEDIA_PLAY_FROM_SEARCH" />
225-->src/main/AndroidManifest.xml:132:17-86
225-->src/main/AndroidManifest.xml:132:25-83
226                <action android:name="android.nfc.action.NDEF_DISCOVERED" />
226-->src/main/AndroidManifest.xml:133:17-77
226-->src/main/AndroidManifest.xml:133:25-74
227
228                <category android:name="android.intent.category.DEFAULT" />
228-->src/main/AndroidManifest.xml:80:17-76
228-->src/main/AndroidManifest.xml:80:27-73
229                <category android:name="android.intent.category.BROWSABLE" />
229-->src/main/AndroidManifest.xml:136:17-78
229-->src/main/AndroidManifest.xml:136:27-75
230
231                <data android:scheme="http" />
231-->src/main/AndroidManifest.xml:138:17-47
231-->src/main/AndroidManifest.xml:138:23-44
232                <data android:scheme="https" />
232-->src/main/AndroidManifest.xml:138:17-47
232-->src/main/AndroidManifest.xml:138:23-44
233                <data android:host="tubus.eduvid.org" />
233-->src/main/AndroidManifest.xml:138:17-47
234                <data android:host="invidio.us" />
234-->src/main/AndroidManifest.xml:138:17-47
235                <data android:host="dev.invidio.us" />
235-->src/main/AndroidManifest.xml:138:17-47
236                <data android:host="www.invidio.us" />
236-->src/main/AndroidManifest.xml:138:17-47
237                <data android:host="redirect.invidious.io" />
237-->src/main/AndroidManifest.xml:138:17-47
238                <data android:host="invidious.snopyta.org" />
238-->src/main/AndroidManifest.xml:138:17-47
239                <data android:host="yewtu.be" />
239-->src/main/AndroidManifest.xml:138:17-47
240                <data android:host="tube.connect.cafe" />
240-->src/main/AndroidManifest.xml:138:17-47
241                <data android:host="invidious.kavin.rocks" />
241-->src/main/AndroidManifest.xml:138:17-47
242                <data android:host="invidious-us.kavin.rocks" />
242-->src/main/AndroidManifest.xml:138:17-47
243                <data android:host="piped.kavin.rocks" />
243-->src/main/AndroidManifest.xml:138:17-47
244                <data android:host="invidious.site" />
244-->src/main/AndroidManifest.xml:138:17-47
245                <data android:host="vid.mint.lgbt" />
245-->src/main/AndroidManifest.xml:138:17-47
246                <data android:host="invidiou.site" />
246-->src/main/AndroidManifest.xml:138:17-47
247                <data android:host="invidious.fdn.fr" />
247-->src/main/AndroidManifest.xml:138:17-47
248                <data android:host="invidious.048596.xyz" />
248-->src/main/AndroidManifest.xml:138:17-47
249                <data android:host="invidious.zee.li" />
249-->src/main/AndroidManifest.xml:138:17-47
250                <data android:host="vid.puffyan.us" />
250-->src/main/AndroidManifest.xml:138:17-47
251                <data android:host="ytprivate.com" />
251-->src/main/AndroidManifest.xml:138:17-47
252                <data android:host="invidious.namazso.eu" />
252-->src/main/AndroidManifest.xml:138:17-47
253                <data android:host="invidious.silkky.cloud" />
253-->src/main/AndroidManifest.xml:138:17-47
254                <data android:host="invidious.exonip.de" />
254-->src/main/AndroidManifest.xml:138:17-47
255                <data android:host="inv.riverside.rocks" />
255-->src/main/AndroidManifest.xml:138:17-47
256                <data android:host="invidious.blamefran.net" />
256-->src/main/AndroidManifest.xml:138:17-47
257                <data android:host="invidious.moomoo.me" />
257-->src/main/AndroidManifest.xml:138:17-47
258                <data android:host="ytb.trom.tf" />
258-->src/main/AndroidManifest.xml:138:17-47
259                <data android:host="yt.cyberhost.uk" />
259-->src/main/AndroidManifest.xml:138:17-47
260                <data android:host="y.com.cm" />
260-->src/main/AndroidManifest.xml:138:17-47
261                <data android:pathPrefix="/" />
261-->src/main/AndroidManifest.xml:138:17-47
262            </intent-filter>
263
264            <!-- y2u.be filter -->
265            <intent-filter>
265-->src/main/AndroidManifest.xml:260:13-272:29
266                <action android:name="android.intent.action.VIEW" />
266-->src/main/AndroidManifest.xml:131:17-69
266-->src/main/AndroidManifest.xml:131:25-66
267                <action android:name="android.media.action.MEDIA_PLAY_FROM_SEARCH" />
267-->src/main/AndroidManifest.xml:132:17-86
267-->src/main/AndroidManifest.xml:132:25-83
268                <action android:name="android.nfc.action.NDEF_DISCOVERED" />
268-->src/main/AndroidManifest.xml:133:17-77
268-->src/main/AndroidManifest.xml:133:25-74
269
270                <category android:name="android.intent.category.DEFAULT" />
270-->src/main/AndroidManifest.xml:80:17-76
270-->src/main/AndroidManifest.xml:80:27-73
271                <category android:name="android.intent.category.BROWSABLE" />
271-->src/main/AndroidManifest.xml:136:17-78
271-->src/main/AndroidManifest.xml:136:27-75
272
273                <data android:scheme="http" />
273-->src/main/AndroidManifest.xml:138:17-47
273-->src/main/AndroidManifest.xml:138:23-44
274                <data android:scheme="https" />
274-->src/main/AndroidManifest.xml:138:17-47
274-->src/main/AndroidManifest.xml:138:23-44
275                <data android:host="y2u.be" />
275-->src/main/AndroidManifest.xml:138:17-47
276                <data android:pathPrefix="/" />
276-->src/main/AndroidManifest.xml:138:17-47
277            </intent-filter>
278
279            <!-- Soundcloud filter -->
280            <intent-filter>
280-->src/main/AndroidManifest.xml:275:13-289:29
281                <action android:name="android.intent.action.VIEW" />
281-->src/main/AndroidManifest.xml:131:17-69
281-->src/main/AndroidManifest.xml:131:25-66
282                <action android:name="android.media.action.MEDIA_PLAY_FROM_SEARCH" />
282-->src/main/AndroidManifest.xml:132:17-86
282-->src/main/AndroidManifest.xml:132:25-83
283                <action android:name="android.nfc.action.NDEF_DISCOVERED" />
283-->src/main/AndroidManifest.xml:133:17-77
283-->src/main/AndroidManifest.xml:133:25-74
284
285                <category android:name="android.intent.category.DEFAULT" />
285-->src/main/AndroidManifest.xml:80:17-76
285-->src/main/AndroidManifest.xml:80:27-73
286                <category android:name="android.intent.category.BROWSABLE" />
286-->src/main/AndroidManifest.xml:136:17-78
286-->src/main/AndroidManifest.xml:136:27-75
287
288                <data android:scheme="http" />
288-->src/main/AndroidManifest.xml:138:17-47
288-->src/main/AndroidManifest.xml:138:23-44
289                <data android:scheme="https" />
289-->src/main/AndroidManifest.xml:138:17-47
289-->src/main/AndroidManifest.xml:138:23-44
290                <data android:host="soundcloud.com" />
290-->src/main/AndroidManifest.xml:138:17-47
291                <data android:host="m.soundcloud.com" />
291-->src/main/AndroidManifest.xml:138:17-47
292                <data android:host="www.soundcloud.com" />
292-->src/main/AndroidManifest.xml:138:17-47
293                <data android:pathPrefix="/" />
293-->src/main/AndroidManifest.xml:138:17-47
294            </intent-filter>
295
296            <!-- Share filter -->
297            <intent-filter>
297-->src/main/AndroidManifest.xml:292:13-296:29
298                <action android:name="android.intent.action.SEND" />
298-->src/main/AndroidManifest.xml:293:17-69
298-->src/main/AndroidManifest.xml:293:25-66
299
300                <category android:name="android.intent.category.DEFAULT" />
300-->src/main/AndroidManifest.xml:80:17-76
300-->src/main/AndroidManifest.xml:80:27-73
301
302                <data android:mimeType="text/plain" />
302-->src/main/AndroidManifest.xml:138:17-47
303            </intent-filter>
304
305            <!-- media.ccc.de filter -->
306            <intent-filter>
306-->src/main/AndroidManifest.xml:299:13-315:29
307                <action android:name="android.intent.action.VIEW" />
307-->src/main/AndroidManifest.xml:131:17-69
307-->src/main/AndroidManifest.xml:131:25-66
308                <action android:name="android.media.action.MEDIA_PLAY_FROM_SEARCH" />
308-->src/main/AndroidManifest.xml:132:17-86
308-->src/main/AndroidManifest.xml:132:25-83
309                <action android:name="android.nfc.action.NDEF_DISCOVERED" />
309-->src/main/AndroidManifest.xml:133:17-77
309-->src/main/AndroidManifest.xml:133:25-74
310
311                <category android:name="android.intent.category.DEFAULT" />
311-->src/main/AndroidManifest.xml:80:17-76
311-->src/main/AndroidManifest.xml:80:27-73
312                <category android:name="android.intent.category.BROWSABLE" />
312-->src/main/AndroidManifest.xml:136:17-78
312-->src/main/AndroidManifest.xml:136:27-75
313
314                <data android:scheme="http" />
314-->src/main/AndroidManifest.xml:138:17-47
314-->src/main/AndroidManifest.xml:138:23-44
315                <data android:scheme="https" />
315-->src/main/AndroidManifest.xml:138:17-47
315-->src/main/AndroidManifest.xml:138:23-44
316                <data android:host="media.ccc.de" />
316-->src/main/AndroidManifest.xml:138:17-47
317                <!-- video prefix -->
318                <data android:pathPrefix="/v/" />
318-->src/main/AndroidManifest.xml:138:17-47
319                <!-- channel prefix -->
320                <data android:pathPrefix="/c/" />
320-->src/main/AndroidManifest.xml:138:17-47